生成启动时间为 2018/1/31 14:25:07。
     1>项目“C:\Users\yayo\Desktop\calibrate\calibrate_camera\calibrate_camera\calibrate_camera.vcxproj”在节点 2 上(build 个目标)。
     1>InitializeBuildStatus:
         正在创建“Debug\calibrate_camera.unsuccessfulbuild”，因为已指定“AlwaysCreate”。
       ClCompile:
         所有输出均为最新。
         E:\Microsoft Visual Studio 10.0\VC\bin\CL.exe /c /ZI /nologo /W3 /WX- /Od /Oy- /D WIN32 /D _DEBUG /D _CONSOLE /D _UNICODE /D UNICODE /Gm /EHsc /RTC1 /MDd /GS /fp:precise /Zc:wchar_t /Zc:forScope /Yu"StdAfx.h" /Fp"Debug\calibrate_camera.pch" /Fo"Debug\\" /Fd"Debug\vc100.pdb" /Gd /TP /analyze- /errorReport:prompt calibrate_camera.cpp
         calibrate_camera.cpp
     1>e:\opencv-2.4.9\opencv\build\include\opencv2\flann\logger.h(66): warning C4996: 'fopen': This function or variable may be unsafe. Consider using fopen_s instead. To disable deprecation, use _CRT_SECURE_NO_WARNINGS. See online help for details.
                 e:\microsoft visual studio 10.0\vc\include\stdio.h(234) : 参见“fopen”的声明
     1>c:\users\yayo\desktop\calibrate\calibrate_camera\calibrate_camera\calibrate_camera.cpp(21): warning C4996: 'strcpy': This function or variable may be unsafe. Consider using strcpy_s instead. To disable deprecation, use _CRT_SECURE_NO_WARNINGS. See online help for details.
                 e:\microsoft visual studio 10.0\vc\include\string.h(105) : 参见“strcpy”的声明
     1>c:\users\yayo\desktop\calibrate\calibrate_camera\calibrate_camera\calibrate_camera.cpp(22): warning C4996: 'strcat': This function or variable may be unsafe. Consider using strcat_s instead. To disable deprecation, use _CRT_SECURE_NO_WARNINGS. See online help for details.
                 e:\microsoft visual studio 10.0\vc\include\string.h(110) : 参见“strcat”的声明
     1>c:\users\yayo\desktop\calibrate\calibrate_camera\calibrate_camera\calibrate_camera.cpp(39): warning C4996: 'strcpy': This function or variable may be unsafe. Consider using strcpy_s instead. To disable deprecation, use _CRT_SECURE_NO_WARNINGS. See online help for details.
                 e:\microsoft visual studio 10.0\vc\include\string.h(105) : 参见“strcpy”的声明
     1>c:\users\yayo\desktop\calibrate\calibrate_camera\calibrate_camera\calibrate_camera.cpp(40): warning C4996: 'strcat': This function or variable may be unsafe. Consider using strcat_s instead. To disable deprecation, use _CRT_SECURE_NO_WARNINGS. See online help for details.
                 e:\microsoft visual studio 10.0\vc\include\string.h(110) : 参见“strcat”的声明
     1>c:\users\yayo\desktop\calibrate\calibrate_camera\calibrate_camera\calibrate_camera.cpp(41): warning C4996: 'strcat': This function or variable may be unsafe. Consider using strcat_s instead. To disable deprecation, use _CRT_SECURE_NO_WARNINGS. See online help for details.
                 e:\microsoft visual studio 10.0\vc\include\string.h(110) : 参见“strcat”的声明
     1>c:\users\yayo\desktop\calibrate\calibrate_camera\calibrate_camera\calibrate_camera.cpp(59): warning C4244: “=”: 从“int”转换到“float”，可能丢失数据
     1>c:\users\yayo\desktop\calibrate\calibrate_camera\calibrate_camera\calibrate_camera.cpp(60): warning C4244: “=”: 从“int”转换到“float”，可能丢失数据
     1>c:\users\yayo\desktop\calibrate\calibrate_camera\calibrate_camera\calibrate_camera.cpp(100): warning C4018: “<”: 有符号/无符号不匹配
     1>c:\users\yayo\desktop\calibrate\calibrate_camera\calibrate_camera\calibrate_camera.cpp(168): warning C4305: “初始化”: 从“double”到“float”截断
       ManifestResourceCompile:
         所有输出均为最新。
       Link:
         E:\Microsoft Visual Studio 10.0\VC\bin\link.exe /ERRORREPORT:PROMPT /OUT:"C:\Users\yayo\Desktop\calibrate\calibrate_camera\Debug\calibrate_camera.exe" /INCREMENTAL /NOLOGO opencv_calib3d249d.lib opencv_core249d.lib opencv_features2d249d.lib opencv_highgui249d.lib opencv_imgproc249d.lib kernel32.lib user32.lib gdi32.lib winspool.lib comdlg32.lib advapi32.lib shell32.lib ole32.lib oleaut32.lib uuid.lib odbc32.lib odbccp32.lib /MANIFEST /ManifestFile:"Debug\calibrate_camera.exe.intermediate.manifest" /MANIFESTUAC:"level='asInvoker' uiAccess='false'" /DEBUG /PDB:"C:\Users\yayo\Desktop\calibrate\calibrate_camera\Debug\calibrate_camera.pdb" /SUBSYSTEM:CONSOLE /TLBID:1 /DYNAMICBASE /NXCOMPAT /IMPLIB:"C:\Users\yayo\Desktop\calibrate\calibrate_camera\Debug\calibrate_camera.lib" /MACHINE:X86 Debug\calibrate_camera.exe.embed.manifest.res
         Debug\calibrate_camera.obj
         Debug\stdafx.obj
       Manifest:
         C:\Program Files (x86)\Microsoft SDKs\Windows\v7.0A\bin\mt.exe /nologo /verbose /out:"Debug\calibrate_camera.exe.embed.manifest" /manifest Debug\calibrate_camera.exe.intermediate.manifest
         所有输出均为最新。
       LinkEmbedManifest:
         所有输出均为最新。
         calibrate_camera.vcxproj -> C:\Users\yayo\Desktop\calibrate\calibrate_camera\Debug\calibrate_camera.exe
       FinalizeBuildStatus:
         正在删除文件“Debug\calibrate_camera.unsuccessfulbuild”。
         正在对“Debug\calibrate_camera.lastbuildstate”执行 Touch 任务。
     1>已完成生成项目“C:\Users\yayo\Desktop\calibrate\calibrate_camera\calibrate_camera\calibrate_camera.vcxproj”(build 个目标)的操作。

生成成功。

已用时间 00:00:02.02
